Bootstrap: Installing dependencies and loading functions...

Loading bibliographic data...
Found data file at: C:\Users\walla\Documents\Github\r-biblio-synth\examples\SCOPUS_POWER_SYSTEMS_FREQUENCY_ESTIMATOR/data/scopus.bib 

Converting your scopus collection into a bibliographic dataframe


Warning:
In your file, some mandatory metadata are missing. Bibliometrix functions may not work properly!

Please, take a look at the vignettes:
- 'Data Importing and Converting' (https://www.bibliometrix.org/vignettes/Data-Importing-and-Converting.html)
- 'A brief introduction to bibliometrix' (https://www.bibliometrix.org/vignettes/Introduction_to_bibliometrix.html)


Missing fields:  CR 
Done!


Generating affiliation field tag AU_UN from C1:  Done!


Removed  19 duplicated documents
Loaded 1864 documents

=== Running M1: Main Information ===
    [M1-citations] Starting computation...
    [M1-citations] top_n = 
      [M1-kw-cooc] Starting...
      [M1-kw-cooc] Using column: KW_Merged 
      [M1-kw-cooc] Extracting keywords...
      [M1-kw-cooc] Extracted 1864 documents with keywords
      [M1-kw-cooc] Building co-occurrence matrix...
      [M1-kw-cooc] Co-occurrence matrix built: 13943 x 13943 
M1 Computation Status: error 
M1 Status: error 

=== Running M2: Annual Production ===
M2 Status: error 

=== Running M3: Countries Analysis ===
