* installing *source* package 'RBiblioSynth' ...
** this is package 'RBiblioSynth' version '0.2.0'
** using staged installation
** R
** data
*** moving datasets to lazyload DB
Aviso en scan(file = file, what = what, sep = sep, quote = quote, dec = dec,  :
  EOF within quoted string
Aviso en scan(file = file, what = what, sep = sep, quote = quote, dec = dec,  :
  número de items leídos no es múltiplo del número de columnas
Aviso en scan(file = file, what = what, sep = sep, quote = quote, dec = dec,  :
  EOF within quoted string
Aviso en scan(file = file, what = what, sep = sep, quote = quote, dec = dec,  :
  número de items leídos no es múltiplo del número de columnas
** inst
** byte-compile and prepare package for lazy loading
** help
*** installing help indices
** building package indices
** installing vignettes
** testing if installed package can be loaded from temporary location
Error: package or namespace load failed for 'RBiblioSynth' in namespaceExport(ns, exports):
 undefined exports: annual_sample, biblio_config, biblio_sample, bootstrap_ci, bootstrap_gini, bootstrap_mean, bootstrap_median, bootstrap_project, bootstrap_proportion, country_sample, get_available_modules, get_module_metadata, m0_get, m0_get_authors, m0_get_bib_data, m0_get_countries, m0_get_prisma, m0_get_sources, m0_is_valid, m0_prisma_template, merge_biblio_config, print_config, run_m0, run_m1, run_m2, run_m3, run_pipeline, safe_divide, safe_percentage, safe_proportion, validate_pipeline_result
Error: loading failed
Ejecución interrumpida
ERROR: loading failed
* removing 'C:/Users/walla/Documents/Github/r-biblio-synth/..Rcheck/RBiblioSynth'
